INSERT INTO `ecfw0001`.`ecs_sessions` (sesskey, expiry, ip, data) VALUES ('48c89884b66bde79f6204dc53171f9a1', '1495271055', '0.0.0.0', 'a:0:{}')

SELECT code, value FROM `ecfw0001`.`ecs_shop_config` WHERE parent_id > 0

UPDATE `ecfw0001`.`ecs_sessions` SET expiry = '1495271055', ip = '0.0.0.0', userid = '0', adminid = '0', user_name='0', user_rank='0', discount='0', email='0', data = 'a:0:{}' WHERE sesskey = '48c89884b66bde79f6204dc53171f9a1' LIMIT 1

SELECT userid, adminid, user_name, user_rank, discount, email, data, expiry FROM `ecfw0001`.`ecs_sessions` WHERE sesskey = '48c89884b66bde79f6204dc53171f9a1'

SELECT code, value FROM `ecfw0001`.`ecs_shop_config` WHERE parent_id > 0

DELETE FROM `ecfw0001`.`ecs_sessions_data` WHERE expiry < 1495269255

SELECT userid, adminid, user_name, user_rank, discount, email, data, expiry FROM `ecfw0001`.`ecs_sessions` WHERE sesskey = '48c89884b66bde79f6204dc53171f9a1'

SELECT code, value FROM `ecfw0001`.`ecs_shop_config` WHERE parent_id > 0

SELECT `ec_salt` FROM `ecfw0001`.`ecs_admin_user`WHERE user_name = 'admin'

SELECT user_id, user_name, password, last_login, action_list, last_login,suppliers_id,ec_salt FROM `ecfw0001`.`ecs_admin_user` WHERE user_name = 'admin' AND password = 'b5782b07e92e95fff5794f58e01379d9'

UPDATE `ecfw0001`.`ecs_admin_user` SET last_login='1495242258', last_ip='0.0.0.0' WHERE user_id='14'

SELECT DISTINCT session_id FROM `ecfw0001`.`ecs_cart` AS c, `ecfw0001`.`ecs_sessions` AS s WHERE c.session_id = s.sesskey 

DELETE FROM `ecfw0001`.`ecs_cart` WHERE session_id NOT  IN ('') 

UPDATE `ecfw0001`.`ecs_sessions` SET expiry = '1495271058', ip = '0.0.0.0', userid = '0', adminid = '14', user_name='0', user_rank='0', discount='0', email='0', data = 'a:4:{s:10:\"admin_name\";s:5:\"admin\";s:11:\"action_list\";s:3:\"all\";s:10:\"last_check\";s:10:\"1490812712\";s:12:\"suppliers_id\";s:1:\"0\";}' WHERE sesskey = '48c89884b66bde79f6204dc53171f9a1' LIMIT 1

DELETE FROM `ecfw0001`.`ecs_sessions` WHERE expiry < 1495269258

SELECT userid, adminid, user_name, user_rank, discount, email, data, expiry FROM `ecfw0001`.`ecs_sessions` WHERE sesskey = '48c89884b66bde79f6204dc53171f9a1'

SELECT code, value FROM `ecfw0001`.`ecs_shop_config` WHERE parent_id > 0

DELETE FROM `ecfw0001`.`ecs_sessions_data` WHERE expiry < 1495269258

DELETE FROM `ecfw0001`.`ecs_sessions` WHERE expiry < 1495269258

SELECT userid, adminid, user_name, user_rank, discount, email, data, expiry FROM `ecfw0001`.`ecs_sessions` WHERE sesskey = '48c89884b66bde79f6204dc53171f9a1'

SELECT code, value FROM `ecfw0001`.`ecs_shop_config` WHERE parent_id > 0

SELECT message_id, sender_id, receiver_id, sent_time, readed, deleted, title, message, user_name FROM `ecfw0001`.`ecs_admin_message` AS a, `ecfw0001`.`ecs_admin_user` AS b WHERE a.sender_id = b.user_id AND a.receiver_id = '14' AND a.readed = 0 AND deleted = 0 ORDER BY a.sent_time DESC

SELECT pay_id, is_cod FROM `ecfw0001`.`ecs_payment` WHERE enabled = 1

SELECT COUNT(*) FROM `ecfw0001`.`ecs_order_info` WHERE 1  AND order_status  IN ('1','5')  AND shipping_status  IN ('1','2')  AND pay_status  IN ('2','1')  

SELECT pay_id FROM `ecfw0001`.`ecs_payment` WHERE is_cod = 1

SELECT COUNT(*) FROM `ecfw0001`.`ecs_order_info` WHERE 1  AND   order_status  IN ('1','5','6')  AND   shipping_status  IN ('0','3','5')  AND ( pay_status  IN ('2','1')  OR pay_id  IN ('3') ) 

SELECT pay_id FROM `ecfw0001`.`ecs_payment` WHERE is_cod = 0

SELECT COUNT(*) FROM `ecfw0001`.`ecs_order_info` WHERE 1  AND   order_status  IN ('1','5')  AND   pay_status = '0' AND ( shipping_status  IN ('1','2')  OR pay_id  IN ('1','2','4','5','6','7') ) 

SELECT COUNT(*) FROM `ecfw0001`.`ecs_order_info` WHERE 1  AND order_status = '0' 

SELECT COUNT(*) FROM `ecfw0001`.`ecs_order_info` WHERE  shipping_status=4

SELECT COUNT(*) AS oCount, IFNULL(SUM(order_amount), 0) AS oAmount FROM `ecfw0001`.`ecs_order_info`

SELECT COUNT(*) FROM `ecfw0001`.`ecs_goods` WHERE is_delete = 0 AND is_alone_sale = 1 AND is_real = 1

SELECT COUNT(*) FROM `ecfw0001`.`ecs_goods` WHERE is_delete = 0 AND is_alone_sale = 1 AND is_real=0 AND extension_code='virtual_card'

SELECT COUNT(*) FROM `ecfw0001`.`ecs_goods` WHERE is_delete = 0 AND is_new = 1 AND is_real = 1

SELECT COUNT(*) FROM `ecfw0001`.`ecs_goods` WHERE is_delete = 0 AND is_new = 1 AND is_real=0 AND extension_code='virtual_card'

SELECT COUNT(*) FROM `ecfw0001`.`ecs_goods` WHERE is_delete = 0 AND is_best = 1 AND is_real = 1

SELECT COUNT(*) FROM `ecfw0001`.`ecs_goods` WHERE is_delete = 0 AND is_best = 1 AND is_real=0 AND extension_code='virtual_card'

SELECT COUNT(*) FROM `ecfw0001`.`ecs_goods` WHERE is_delete = 0 AND is_hot = 1 AND is_real = 1

SELECT COUNT(*) FROM `ecfw0001`.`ecs_goods` WHERE is_delete = 0 AND is_hot = 1 AND is_real=0 AND extension_code='virtual_card'

SELECT COUNT(*) FROM `ecfw0001`.`ecs_goods` WHERE is_delete = 0 AND promote_price>0 AND promote_start_date <= '1495242259' AND promote_end_date >= '1495242259' AND is_real = 1

SELECT COUNT(*) FROM `ecfw0001`.`ecs_goods` WHERE is_delete = 0 AND promote_price>0 AND promote_start_date <= '1495242259' AND promote_end_date >= '1495242259' AND is_real=0 AND extension_code='virtual_card'

SELECT COUNT(*) FROM `ecfw0001`.`ecs_goods` WHERE is_delete = 0 AND goods_number <= warn_number AND is_real = 1

SELECT COUNT(*) FROM `ecfw0001`.`ecs_goods` WHERE is_delete = 0 AND goods_number <= warn_number AND is_real=0 AND extension_code='virtual_card'

SELECT COUNT(*) FROM `ecfw0001`.`ecs_stats` WHERE access_time > 1495180800

SELECT count(*) FROM `ecfw0001`.`ecs_sessions`

SELECT COUNT(f.msg_id) FROM `ecfw0001`.`ecs_feedback` AS f LEFT JOIN `ecfw0001`.`ecs_feedback` AS r ON r.parent_id=f.msg_id WHERE f.parent_id=0 AND ISNULL(r.msg_id) 

SELECT COUNT(*) FROM `ecfw0001`.`ecs_comment` WHERE status = 0 AND parent_id = 0

SELECT COUNT(*) FROM `ecfw0001`.`ecs_booking_goods` WHERE is_dispose = 0

SELECT COUNT(*) FROM `ecfw0001`.`ecs_user_account` WHERE process_type = 1 AND is_paid = 0 

DELETE FROM `ecfw0001`.`ecs_sessions_data` WHERE expiry < 1495269259

SELECT userid, adminid, user_name, user_rank, discount, email, data, expiry FROM `ecfw0001`.`ecs_sessions` WHERE sesskey = '48c89884b66bde79f6204dc53171f9a1'

SELECT code, value FROM `ecfw0001`.`ecs_shop_config` WHERE parent_id > 0

SELECT COUNT(*) AS oCount, IFNULL(SUM(order_amount), 0) AS oAmount FROM `ecfw0001`.`ecs_order_info`

SELECT COUNT(*) FROM `ecfw0001`.`ecs_goods` WHERE is_delete = 0 AND is_alone_sale = 1 AND is_real = 1

SELECT COUNT(*) FROM `ecfw0001`.`ecs_users`

SELECT value FROM `ecfw0001`.`ecs_shop_config` WHERE code = 'template'

SELECT value FROM `ecfw0001`.`ecs_shop_config` WHERE code = 'stylename'

SELECT userid, adminid, user_name, user_rank, discount, email, data, expiry FROM `ecfw0001`.`ecs_sessions` WHERE sesskey = '48c89884b66bde79f6204dc53171f9a1'

SELECT code, value FROM `ecfw0001`.`ecs_shop_config` WHERE parent_id > 0

SELECT suppliers_id, suppliers_name, suppliers_desc
            FROM `ecfw0001`.`ecs_suppliers`
            WHERE  is_check = 1 

SELECT c.cat_id, c.cat_name, c.measure_unit, c.parent_id, c.is_show, c.show_in_nav, c.grade, c.sort_order, COUNT(s.cat_id) AS has_children FROM `ecfw0001`.`ecs_category` AS c LEFT JOIN `ecfw0001`.`ecs_category` AS s ON s.parent_id=c.cat_id GROUP BY c.cat_id ORDER BY c.parent_id, c.sort_order ASC

SELECT cat_id, COUNT(*) AS goods_num  FROM `ecfw0001`.`ecs_goods` WHERE is_delete = 0 AND is_on_sale = 1  GROUP BY cat_id

SELECT gc.cat_id, COUNT(*) AS goods_num  FROM `ecfw0001`.`ecs_goods_cat` AS gc , `ecfw0001`.`ecs_goods` AS g  WHERE g.goods_id = gc.goods_id AND g.is_delete = 0 AND g.is_on_sale = 1  GROUP BY gc.cat_id

SELECT brand_id, brand_name FROM `ecfw0001`.`ecs_brand` ORDER BY sort_order

SELECT suppliers_id, suppliers_name, suppliers_desc
            FROM `ecfw0001`.`ecs_suppliers`
            WHERE  is_check = 1 

SELECT COUNT(*) FROM `ecfw0001`.`ecs_goods` AS g WHERE is_delete='0'  AND is_real='1'

SELECT userid, adminid, user_name, user_rank, discount, email, data, expiry FROM `ecfw0001`.`ecs_sessions` WHERE sesskey = '48c89884b66bde79f6204dc53171f9a1'

SELECT code, value FROM `ecfw0001`.`ecs_shop_config` WHERE parent_id > 0

SELECT suppliers_id, suppliers_name, suppliers_desc
            FROM `ecfw0001`.`ecs_suppliers`
            WHERE  is_check = 1 

SELECT c.cat_id, c.cat_name, c.measure_unit, c.parent_id, c.is_show, c.show_in_nav, c.grade, c.sort_order, COUNT(s.cat_id) AS has_children FROM `ecfw0001`.`ecs_category` AS c LEFT JOIN `ecfw0001`.`ecs_category` AS s ON s.parent_id=c.cat_id GROUP BY c.cat_id ORDER BY c.parent_id, c.sort_order ASC

SELECT cat_id, COUNT(*) AS goods_num  FROM `ecfw0001`.`ecs_goods` WHERE is_delete = 0 AND is_on_sale = 1  GROUP BY cat_id

SELECT gc.cat_id, COUNT(*) AS goods_num  FROM `ecfw0001`.`ecs_goods_cat` AS gc , `ecfw0001`.`ecs_goods` AS g  WHERE g.goods_id = gc.goods_id AND g.is_delete = 0 AND g.is_on_sale = 1  GROUP BY gc.cat_id

SELECT brand_id, brand_name FROM `ecfw0001`.`ecs_brand` ORDER BY sort_order

SELECT suppliers_id, suppliers_name, suppliers_desc
            FROM `ecfw0001`.`ecs_suppliers`
            WHERE  is_check = 1 

SELECT COUNT(*) FROM `ecfw0001`.`ecs_goods` AS g WHERE is_delete='0'  AND is_real='1'

SELECT goods_id, goods_name, goods_type, goods_sn, virtual_sales, shop_price, is_on_sale, is_best, is_new, is_hot, sort_order, goods_number, integral,  (promote_price > 0 AND promote_start_date <= '1495267199' AND promote_end_date >= '1495267199') AS is_promote  FROM `ecfw0001`.`ecs_goods` AS g WHERE is_delete='0'  AND is_real='1' ORDER BY goods_id DESC  LIMIT 0,15

SELECT DISTINCT cat_id
            FROM `ecfw0001`.`ecs_attribute`
            WHERE attr_type = 1

UPDATE `ecfw0001`.`ecs_sessions` SET expiry = '1495271119', ip = '0.0.0.0', userid = '0', adminid = '14', user_name='0', user_rank='0', discount='0', email='0', data = 'a:4:{s:10:\"admin_name\";s:5:\"admin\";s:11:\"action_list\";s:3:\"all\";s:10:\"last_check\";s:10:\"1490812712\";s:12:\"suppliers_id\";s:1:\"0\";}' WHERE sesskey = '48c89884b66bde79f6204dc53171f9a1' LIMIT 1

DELETE FROM `ecfw0001`.`ecs_sessions_data` WHERE expiry < 1495269319

SELECT userid, adminid, user_name, user_rank, discount, email, data, expiry FROM `ecfw0001`.`ecs_sessions` WHERE sesskey = '48c89884b66bde79f6204dc53171f9a1'

SELECT code, value FROM `ecfw0001`.`ecs_shop_config` WHERE parent_id > 0

SELECT COUNT(*) FROM `ecfw0001`.`ecs_order_info` WHERE add_time >= '1490812712'

SELECT COUNT(*) FROM `ecfw0001`.`ecs_order_info` WHERE pay_time >= 1490812712

UPDATE `ecfw0001`.`ecs_sessions` SET expiry = '1495271119', ip = '0.0.0.0', userid = '0', adminid = '14', user_name='0', user_rank='0', discount='0', email='0', data = 'a:4:{s:10:\"admin_name\";s:5:\"admin\";s:11:\"action_list\";s:3:\"all\";s:10:\"last_check\";i:1495242319;s:12:\"suppliers_id\";s:1:\"0\";}' WHERE sesskey = '48c89884b66bde79f6204dc53171f9a1' LIMIT 1

UPDATE `ecfw0001`.`ecs_sessions` SET expiry = '1495271119', ip = '0.0.0.0', userid = '0', adminid = '14', user_name='0', user_rank='0', discount='0', email='0', data = 'a:4:{s:10:\"admin_name\";s:5:\"admin\";s:11:\"action_list\";s:3:\"all\";s:10:\"last_check\";s:10:\"1490812712\";s:12:\"suppliers_id\";s:1:\"0\";}' WHERE sesskey = '48c89884b66bde79f6204dc53171f9a1' LIMIT 1

SELECT userid, adminid, user_name, user_rank, discount, email, data, expiry FROM `ecfw0001`.`ecs_sessions` WHERE sesskey = '48c89884b66bde79f6204dc53171f9a1'

SELECT code, value FROM `ecfw0001`.`ecs_shop_config` WHERE parent_id > 0

SELECT suppliers_id, suppliers_name, suppliers_desc
            FROM `ecfw0001`.`ecs_suppliers`
            WHERE  is_check = 1 

SELECT * FROM `ecfw0001`.`ecs_goods` WHERE goods_id = '108'

SELECT DISTINCT cat_id
            FROM `ecfw0001`.`ecs_attribute`
            WHERE attr_type = 1

SELECT g.goods_attr_id, g.attr_value, g.attr_id, a.attr_name
            FROM `ecfw0001`.`ecs_goods_attr` AS g
                LEFT JOIN `ecfw0001`.`ecs_attribute` AS a
                    ON a.attr_id = g.attr_id
            WHERE goods_id = '108'
            AND a.attr_type = 1
            ORDER BY g.goods_attr_id ASC

SELECT cat_id FROM `ecfw0001`.`ecs_goods_cat` WHERE goods_id = '108'

SELECT lg.link_goods_id AS goods_id, g.goods_name, lg.is_double FROM `ecfw0001`.`ecs_link_goods` AS lg, `ecfw0001`.`ecs_goods` AS g WHERE lg.goods_id = '108' AND lg.link_goods_id = g.goods_id 

SELECT gg.goods_id, gg.group_id, CONCAT(g.goods_name, ' -- [', gg.goods_price, ']') AS goods_name FROM `ecfw0001`.`ecs_group_goods` AS gg, `ecfw0001`.`ecs_goods` AS g WHERE gg.parent_id = '108' AND gg.goods_id = g.goods_id  order by gg.group_id asc, g.goods_id asc

SELECT g.article_id, a.title FROM `ecfw0001`.`ecs_goods_article` AS g, `ecfw0001`.`ecs_article` AS a WHERE g.goods_id = '108' AND g.article_id = a.article_id 

SELECT * FROM `ecfw0001`.`ecs_goods_gallery` WHERE goods_id = '108'

SELECT touch_sale,touch_fencheng FROM `ecfw0001`.`ecs_drp_goods` WHERE goods_id = '108'

SELECT c.cat_id, c.cat_name, c.measure_unit, c.parent_id, c.is_show, c.show_in_nav, c.grade, c.sort_order, COUNT(s.cat_id) AS has_children FROM `ecfw0001`.`ecs_category` AS c LEFT JOIN `ecfw0001`.`ecs_category` AS s ON s.parent_id=c.cat_id GROUP BY c.cat_id ORDER BY c.parent_id, c.sort_order ASC

SELECT cat_id, COUNT(*) AS goods_num  FROM `ecfw0001`.`ecs_goods` WHERE is_delete = 0 AND is_on_sale = 1  GROUP BY cat_id

SELECT gc.cat_id, COUNT(*) AS goods_num  FROM `ecfw0001`.`ecs_goods_cat` AS gc , `ecfw0001`.`ecs_goods` AS g  WHERE g.goods_id = gc.goods_id AND g.is_delete = 0 AND g.is_on_sale = 1  GROUP BY gc.cat_id

SELECT brand_id, brand_name FROM `ecfw0001`.`ecs_brand` ORDER BY sort_order

SELECT * FROM `ecfw0001`.`ecs_user_rank` ORDER BY min_points

SELECT user_rank, user_price FROM `ecfw0001`.`ecs_member_price` WHERE goods_id = '108'

SELECT cat_id, cat_name FROM `ecfw0001`.`ecs_goods_type` WHERE enabled = 1

SELECT a.attr_id, a.attr_name, a.attr_input_type, a.attr_type, a.attr_values, v.attr_value, v.attr_price FROM `ecfw0001`.`ecs_attribute` AS a LEFT JOIN `ecfw0001`.`ecs_goods_attr` AS v ON v.attr_id = a.attr_id AND v.goods_id = '108' WHERE a.cat_id = 4 OR a.cat_id = 0 ORDER BY a.sort_order, a.attr_type, v.goods_attr_id, a.attr_id 

SELECT `volume_number` , `volume_price` FROM `ecfw0001`.`ecs_volume_price` WHERE `goods_id` = '108' AND `price_type` = '1' ORDER BY `volume_number`

DELETE FROM `ecfw0001`.`ecs_sessions` WHERE expiry < 1495269322

SELECT userid, adminid, user_name, user_rank, discount, email, data, expiry FROM `ecfw0001`.`ecs_sessions` WHERE sesskey = '48c89884b66bde79f6204dc53171f9a1'

SELECT code, value FROM `ecfw0001`.`ecs_shop_config` WHERE parent_id > 0

SELECT COUNT(*) FROM `ecfw0001`.`ecs_goods` WHERE goods_sn = 'ECS000108' AND goods_id <> '108'

SELECT goods_id FROM `ecfw0001`.`ecs_products`WHERE product_sn='ECS000108'

DELETE FROM `ecfw0001`.`ecs_sessions_data` WHERE expiry < 1495269327

SELECT userid, adminid, user_name, user_rank, discount, email, data, expiry FROM `ecfw0001`.`ecs_sessions` WHERE sesskey = '48c89884b66bde79f6204dc53171f9a1'

SELECT code, value FROM `ecfw0001`.`ecs_shop_config` WHERE parent_id > 0

SELECT COUNT(*) FROM `ecfw0001`.`ecs_goods` WHERE goods_sn = 'ECS000108' AND is_delete = 0 AND goods_id <> '108'

SELECT goods_thumb, goods_img, original_img  FROM `ecfw0001`.`ecs_goods` WHERE goods_id = '108'

UPDATE `ecfw0001`.`ecs_goods` SET goods_name = '3', goods_name_style = '+', goods_sn = 'ECS000108', cat_id = '125', brand_id = '50', shop_price = '0.00', market_price = '0.00', virtual_sales = '0', is_promote = '1', promote_price = '10', promote_start_date = '1446624000', suppliers_id = '0', promote_end_date = '1448352000', keywords = '', goods_brief = '', seller_note = '', goods_weight = '0',goods_number = '10000', warn_number = '1', integral = '0', give_integral = '-1', rank_integral = '-1', is_best = '0', is_new = '0', is_hot = '0', is_on_sale = '1', is_alone_sale = '1', is_shipping = '0', goods_desc = '<p>aa</p>', last_update = '1495242327', goods_type = '4' WHERE goods_id = '108' LIMIT 1

SELECT count(*) FROM `ecfw0001`.`ecs_drp_goods`WHERE goods_id='108'

INSERT INTO `ecfw0001`.`ecs_drp_goods` (goods_id, touch_sale, touch_fencheng)VALUES ( '108', '0', '0')

INSERT INTO `ecfw0001`.`ecs_admin_log` (log_time, user_id, log_info, ip_address)  VALUES ('1495242327', 14, '编辑商品: 3', '0.0.0.0')

SELECT attr_id, attr_index FROM `ecfw0001`.`ecs_attribute` WHERE cat_id = '4'

SELECT g.*, a.attr_type
                FROM `ecfw0001`.`ecs_goods_attr` AS g
                    LEFT JOIN `ecfw0001`.`ecs_attribute` AS a
                        ON a.attr_id = g.attr_id
                WHERE g.goods_id = '108'

UPDATE `ecfw0001`.`ecs_goods` SET keywords = '' WHERE goods_id = '108' LIMIT 1

UPDATE `ecfw0001`.`ecs_goods_attr` SET attr_price = '23' WHERE goods_attr_id = '95' LIMIT 1

UPDATE `ecfw0001`.`ecs_goods_attr` SET attr_price = '12' WHERE goods_attr_id = '102' LIMIT 1

UPDATE `ecfw0001`.`ecs_goods_attr` SET attr_price = '123' WHERE goods_attr_id = '103' LIMIT 1

UPDATE `ecfw0001`.`ecs_goods_attr` SET attr_price = '34' WHERE goods_attr_id = '96' LIMIT 1

UPDATE `ecfw0001`.`ecs_goods_attr` SET attr_price = '43' WHERE goods_attr_id = '98' LIMIT 1

UPDATE `ecfw0001`.`ecs_goods_attr` SET attr_price = '54' WHERE goods_attr_id = '99' LIMIT 1

UPDATE `ecfw0001`.`ecs_goods_attr` SET attr_price = '23' WHERE goods_attr_id = '97' LIMIT 1

UPDATE `ecfw0001`.`ecs_goods_attr` SET attr_price = '231' WHERE goods_attr_id = '100' LIMIT 1

UPDATE `ecfw0001`.`ecs_goods_attr` SET attr_price = '423' WHERE goods_attr_id = '101' LIMIT 1

SELECT COUNT(*) FROM `ecfw0001`.`ecs_member_price` WHERE goods_id = '108' AND user_rank = '1'

SELECT COUNT(*) FROM `ecfw0001`.`ecs_member_price` WHERE goods_id = '108' AND user_rank = '3'

SELECT COUNT(*) FROM `ecfw0001`.`ecs_member_price` WHERE goods_id = '108' AND user_rank = '99'

SELECT COUNT(*) FROM `ecfw0001`.`ecs_member_price` WHERE goods_id = '108' AND user_rank = '2'

DELETE FROM `ecfw0001`.`ecs_volume_price` WHERE price_type = '1' AND goods_id = '108'

SELECT COUNT(a.attr_id)
            FROM `ecfw0001`.`ecs_attribute` AS a, `ecfw0001`.`ecs_goods` AS g
            WHERE a.cat_id = g.goods_type
            AND g.goods_id = '108'

SELECT userid, adminid, user_name, user_rank, discount, email, data, expiry FROM `ecfw0001`.`ecs_sessions` WHERE sesskey = '48c89884b66bde79f6204dc53171f9a1'

SELECT code, value FROM `ecfw0001`.`ecs_shop_config` WHERE parent_id > 0

SELECT suppliers_id, suppliers_name, suppliers_desc
            FROM `ecfw0001`.`ecs_suppliers`
            WHERE  is_check = 1 

SELECT c.cat_id, c.cat_name, c.measure_unit, c.parent_id, c.is_show, c.show_in_nav, c.grade, c.sort_order, COUNT(s.cat_id) AS has_children FROM `ecfw0001`.`ecs_category` AS c LEFT JOIN `ecfw0001`.`ecs_category` AS s ON s.parent_id=c.cat_id GROUP BY c.cat_id ORDER BY c.parent_id, c.sort_order ASC

SELECT cat_id, COUNT(*) AS goods_num  FROM `ecfw0001`.`ecs_goods` WHERE is_delete = 0 AND is_on_sale = 1  GROUP BY cat_id

SELECT gc.cat_id, COUNT(*) AS goods_num  FROM `ecfw0001`.`ecs_goods_cat` AS gc , `ecfw0001`.`ecs_goods` AS g  WHERE g.goods_id = gc.goods_id AND g.is_delete = 0 AND g.is_on_sale = 1  GROUP BY gc.cat_id

SELECT brand_id, brand_name FROM `ecfw0001`.`ecs_brand` ORDER BY sort_order

SELECT suppliers_id, suppliers_name, suppliers_desc
            FROM `ecfw0001`.`ecs_suppliers`
            WHERE  is_check = 1 

SELECT goods_id, goods_name, goods_type, goods_sn, virtual_sales, shop_price, is_on_sale, is_best, is_new, is_hot, sort_order, goods_number, integral,  (promote_price > 0 AND promote_start_date <= '1495267199' AND promote_end_date >= '1495267199') AS is_promote  FROM `ecfw0001`.`ecs_goods` AS g WHERE is_delete='0'  AND is_real='1' ORDER BY goods_id DESC  LIMIT 0,15

SELECT DISTINCT cat_id
            FROM `ecfw0001`.`ecs_attribute`
            WHERE attr_type = 1

DELETE FROM `ecfw0001`.`ecs_sessions_data` WHERE expiry < 1495269328

DELETE FROM `ecfw0001`.`ecs_sessions` WHERE expiry < 1495269328

SELECT userid, adminid, user_name, user_rank, discount, email, data, expiry FROM `ecfw0001`.`ecs_sessions` WHERE sesskey = '48c89884b66bde79f6204dc53171f9a1'

SELECT code, value FROM `ecfw0001`.`ecs_shop_config` WHERE parent_id > 0

SELECT suppliers_id, suppliers_name, suppliers_desc
            FROM `ecfw0001`.`ecs_suppliers`
            WHERE  is_check = 1 

SELECT * FROM `ecfw0001`.`ecs_goods` WHERE goods_id = '108'

SELECT DISTINCT cat_id
            FROM `ecfw0001`.`ecs_attribute`
            WHERE attr_type = 1

SELECT g.goods_attr_id, g.attr_value, g.attr_id, a.attr_name
            FROM `ecfw0001`.`ecs_goods_attr` AS g
                LEFT JOIN `ecfw0001`.`ecs_attribute` AS a
                    ON a.attr_id = g.attr_id
            WHERE goods_id = '108'
            AND a.attr_type = 1
            ORDER BY g.goods_attr_id ASC

SELECT cat_id FROM `ecfw0001`.`ecs_goods_cat` WHERE goods_id = '108'

SELECT lg.link_goods_id AS goods_id, g.goods_name, lg.is_double FROM `ecfw0001`.`ecs_link_goods` AS lg, `ecfw0001`.`ecs_goods` AS g WHERE lg.goods_id = '108' AND lg.link_goods_id = g.goods_id 

SELECT gg.goods_id, gg.group_id, CONCAT(g.goods_name, ' -- [', gg.goods_price, ']') AS goods_name FROM `ecfw0001`.`ecs_group_goods` AS gg, `ecfw0001`.`ecs_goods` AS g WHERE gg.parent_id = '108' AND gg.goods_id = g.goods_id  order by gg.group_id asc, g.goods_id asc

SELECT g.article_id, a.title FROM `ecfw0001`.`ecs_goods_article` AS g, `ecfw0001`.`ecs_article` AS a WHERE g.goods_id = '108' AND g.article_id = a.article_id 

SELECT * FROM `ecfw0001`.`ecs_goods_gallery` WHERE goods_id = '108'

SELECT touch_sale,touch_fencheng FROM `ecfw0001`.`ecs_drp_goods` WHERE goods_id = '108'

SELECT c.cat_id, c.cat_name, c.measure_unit, c.parent_id, c.is_show, c.show_in_nav, c.grade, c.sort_order, COUNT(s.cat_id) AS has_children FROM `ecfw0001`.`ecs_category` AS c LEFT JOIN `ecfw0001`.`ecs_category` AS s ON s.parent_id=c.cat_id GROUP BY c.cat_id ORDER BY c.parent_id, c.sort_order ASC

SELECT cat_id, COUNT(*) AS goods_num  FROM `ecfw0001`.`ecs_goods` WHERE is_delete = 0 AND is_on_sale = 1  GROUP BY cat_id

SELECT gc.cat_id, COUNT(*) AS goods_num  FROM `ecfw0001`.`ecs_goods_cat` AS gc , `ecfw0001`.`ecs_goods` AS g  WHERE g.goods_id = gc.goods_id AND g.is_delete = 0 AND g.is_on_sale = 1  GROUP BY gc.cat_id

SELECT brand_id, brand_name FROM `ecfw0001`.`ecs_brand` ORDER BY sort_order

SELECT * FROM `ecfw0001`.`ecs_user_rank` ORDER BY min_points

SELECT user_rank, user_price FROM `ecfw0001`.`ecs_member_price` WHERE goods_id = '108'

SELECT cat_id, cat_name FROM `ecfw0001`.`ecs_goods_type` WHERE enabled = 1

SELECT a.attr_id, a.attr_name, a.attr_input_type, a.attr_type, a.attr_values, v.attr_value, v.attr_price FROM `ecfw0001`.`ecs_attribute` AS a LEFT JOIN `ecfw0001`.`ecs_goods_attr` AS v ON v.attr_id = a.attr_id AND v.goods_id = '108' WHERE a.cat_id = 4 OR a.cat_id = 0 ORDER BY a.sort_order, a.attr_type, v.goods_attr_id, a.attr_id 

SELECT `volume_number` , `volume_price` FROM `ecfw0001`.`ecs_volume_price` WHERE `goods_id` = '108' AND `price_type` = '1' ORDER BY `volume_number`

UPDATE `ecfw0001`.`ecs_sessions` SET expiry = '1495271130', ip = '0.0.0.0', userid = '0', adminid = '14', user_name='0', user_rank='0', discount='0', email='0', data = 'a:4:{s:10:\"admin_name\";s:5:\"admin\";s:11:\"action_list\";s:3:\"all\";s:10:\"last_check\";s:10:\"1490812712\";s:12:\"suppliers_id\";s:1:\"0\";}' WHERE sesskey = '48c89884b66bde79f6204dc53171f9a1' LIMIT 1

DELETE FROM `ecfw0001`.`ecs_sessions_data` WHERE expiry < 1495269330

DELETE FROM `ecfw0001`.`ecs_sessions` WHERE expiry < 1495269330

SELECT userid, adminid, user_name, user_rank, discount, email, data, expiry FROM `ecfw0001`.`ecs_sessions` WHERE sesskey = '48c89884b66bde79f6204dc53171f9a1'

SELECT code, value FROM `ecfw0001`.`ecs_shop_config` WHERE parent_id > 0

SELECT suppliers_id, suppliers_name, suppliers_desc
            FROM `ecfw0001`.`ecs_suppliers`
            WHERE  is_check = 1 

SELECT c.cat_id, c.cat_name, c.measure_unit, c.parent_id, c.is_show, c.show_in_nav, c.grade, c.sort_order, COUNT(s.cat_id) AS has_children FROM `ecfw0001`.`ecs_category` AS c LEFT JOIN `ecfw0001`.`ecs_category` AS s ON s.parent_id=c.cat_id GROUP BY c.cat_id ORDER BY c.parent_id, c.sort_order ASC

SELECT cat_id, COUNT(*) AS goods_num  FROM `ecfw0001`.`ecs_goods` WHERE is_delete = 0 AND is_on_sale = 1  GROUP BY cat_id

SELECT gc.cat_id, COUNT(*) AS goods_num  FROM `ecfw0001`.`ecs_goods_cat` AS gc , `ecfw0001`.`ecs_goods` AS g  WHERE g.goods_id = gc.goods_id AND g.is_delete = 0 AND g.is_on_sale = 1  GROUP BY gc.cat_id

SELECT brand_id, brand_name FROM `ecfw0001`.`ecs_brand` ORDER BY sort_order

SELECT suppliers_id, suppliers_name, suppliers_desc
            FROM `ecfw0001`.`ecs_suppliers`
            WHERE  is_check = 1 

SELECT COUNT(*) FROM `ecfw0001`.`ecs_goods` AS g WHERE is_delete='0'  AND is_real='1'

SELECT goods_id, goods_name, goods_type, goods_sn, virtual_sales, shop_price, is_on_sale, is_best, is_new, is_hot, sort_order, goods_number, integral,  (promote_price > 0 AND promote_start_date <= '1495267199' AND promote_end_date >= '1495267199') AS is_promote  FROM `ecfw0001`.`ecs_goods` AS g WHERE is_delete='0'  AND is_real='1' ORDER BY goods_id DESC  LIMIT 0,15

SELECT DISTINCT cat_id
            FROM `ecfw0001`.`ecs_attribute`
            WHERE attr_type = 1

DELETE FROM `ecfw0001`.`ecs_sessions` WHERE expiry < 1495269334

SELECT userid, adminid, user_name, user_rank, discount, email, data, expiry FROM `ecfw0001`.`ecs_sessions` WHERE sesskey = '48c89884b66bde79f6204dc53171f9a1'

SELECT code, value FROM `ecfw0001`.`ecs_shop_config` WHERE parent_id > 0

UPDATE `ecfw0001`.`ecs_goods` SET is_delete = 1 WHERE goods_id = '108'

SELECT userid, adminid, user_name, user_rank, discount, email, data, expiry FROM `ecfw0001`.`ecs_sessions` WHERE sesskey = '48c89884b66bde79f6204dc53171f9a1'

SELECT code, value FROM `ecfw0001`.`ecs_shop_config` WHERE parent_id > 0

UPDATE `ecfw0001`.`ecs_goods` SET is_delete = 1 WHERE goods_id = '108'

SELECT `goods_name` FROM `ecfw0001`.`ecs_goods` WHERE goods_id = '108'

INSERT INTO `ecfw0001`.`ecs_admin_log` (log_time, user_id, log_info, ip_address)  VALUES ('1495242361', 14, '回收商品: 3', '0.0.0.0')

UPDATE `ecfw0001`.`ecs_sessions` SET expiry = '1495271161', ip = '0.0.0.0', userid = '0', adminid = '14', user_name='0', user_rank='0', discount='0', email='0', data = 'a:4:{s:10:\"admin_name\";s:5:\"admin\";s:11:\"action_list\";s:3:\"all\";s:10:\"last_check\";s:10:\"1490812712\";s:12:\"suppliers_id\";s:1:\"0\";}' WHERE sesskey = '48c89884b66bde79f6204dc53171f9a1' LIMIT 1

DELETE FROM `ecfw0001`.`ecs_sessions_data` WHERE expiry < 1495269361

SELECT userid, adminid, user_name, user_rank, discount, email, data, expiry FROM `ecfw0001`.`ecs_sessions` WHERE sesskey = '48c89884b66bde79f6204dc53171f9a1'

SELECT code, value FROM `ecfw0001`.`ecs_shop_config` WHERE parent_id > 0

SELECT COUNT(*) FROM `ecfw0001`.`ecs_goods` AS g WHERE is_delete='0'  AND is_real='1'

SELECT goods_id, goods_name, goods_type, goods_sn, virtual_sales, shop_price, is_on_sale, is_best, is_new, is_hot, sort_order, goods_number, integral,  (promote_price > 0 AND promote_start_date <= '1495267199' AND promote_end_date >= '1495267199') AS is_promote  FROM `ecfw0001`.`ecs_goods` AS g WHERE is_delete='0'  AND is_real='1' ORDER BY goods_id DESC  LIMIT 0,15

SELECT DISTINCT cat_id
            FROM `ecfw0001`.`ecs_attribute`
            WHERE attr_type = 1

DELETE FROM `ecfw0001`.`ecs_sessions_data` WHERE expiry < 1495269361

SELECT userid, adminid, user_name, user_rank, discount, email, data, expiry FROM `ecfw0001`.`ecs_sessions` WHERE sesskey = '48c89884b66bde79f6204dc53171f9a1'

SELECT code, value FROM `ecfw0001`.`ecs_shop_config` WHERE parent_id > 0

SELECT * FROM `ecfw0001`.`ecs_drp_config`

DELETE FROM `ecfw0001`.`ecs_sessions_data` WHERE expiry < 1495269369

SELECT userid, adminid, user_name, user_rank, discount, email, data, expiry FROM `ecfw0001`.`ecs_sessions` WHERE sesskey = '48c89884b66bde79f6204dc53171f9a1'

SELECT code, value FROM `ecfw0001`.`ecs_shop_config` WHERE parent_id > 0

SELECT COUNT(*) FROM `ecfw0001`.`ecs_goods_activity` WHERE act_type = '1' 

SELECT * FROM `ecfw0001`.`ecs_goods_activity` WHERE act_type = '1'   ORDER BY act_id DESC  LIMIT 0, 15

SELECT goods_id FROM `ecfw0001`.`ecs_goods_activity`WHERE act_id = '23' AND act_type = '1'

SELECT COUNT(*) AS total_order, SUM(g.goods_number) AS total_goods FROM `ecfw0001`.`ecs_order_info` AS o, `ecfw0001`.`ecs_order_goods` AS g  WHERE o.order_id = g.order_id AND o.extension_code = 'group_buy' AND o.extension_id = '23' AND g.goods_id = '38' AND (order_status = '1' OR order_status = '0')

SELECT goods_id FROM `ecfw0001`.`ecs_goods_activity`WHERE act_id = '22' AND act_type = '1'

SELECT COUNT(*) AS total_order, SUM(g.goods_number) AS total_goods FROM `ecfw0001`.`ecs_order_info` AS o, `ecfw0001`.`ecs_order_goods` AS g  WHERE o.order_id = g.order_id AND o.extension_code = 'group_buy' AND o.extension_id = '22' AND g.goods_id = '88' AND (order_status = '1' OR order_status = '0')

SELECT goods_id FROM `ecfw0001`.`ecs_goods_activity`WHERE act_id = '21' AND act_type = '1'

SELECT COUNT(*) AS total_order, SUM(g.goods_number) AS total_goods FROM `ecfw0001`.`ecs_order_info` AS o, `ecfw0001`.`ecs_order_goods` AS g  WHERE o.order_id = g.order_id AND o.extension_code = 'group_buy' AND o.extension_id = '21' AND g.goods_id = '74' AND (order_status = '1' OR order_status = '0')

SELECT goods_id FROM `ecfw0001`.`ecs_goods_activity`WHERE act_id = '20' AND act_type = '1'

SELECT COUNT(*) AS total_order, SUM(g.goods_number) AS total_goods FROM `ecfw0001`.`ecs_order_info` AS o, `ecfw0001`.`ecs_order_goods` AS g  WHERE o.order_id = g.order_id AND o.extension_code = 'group_buy' AND o.extension_id = '20' AND g.goods_id = '94' AND (order_status = '1' OR order_status = '0')

SELECT goods_id FROM `ecfw0001`.`ecs_goods_activity`WHERE act_id = '17' AND act_type = '1'

SELECT COUNT(*) AS total_order, SUM(g.goods_number) AS total_goods FROM `ecfw0001`.`ecs_order_info` AS o, `ecfw0001`.`ecs_order_goods` AS g  WHERE o.order_id = g.order_id AND o.extension_code = 'group_buy' AND o.extension_id = '17' AND g.goods_id = '30' AND (order_status = '1' OR order_status = '0')

SELECT goods_id FROM `ecfw0001`.`ecs_goods_activity`WHERE act_id = '16' AND act_type = '1'

SELECT COUNT(*) AS total_order, SUM(g.goods_number) AS total_goods FROM `ecfw0001`.`ecs_order_info` AS o, `ecfw0001`.`ecs_order_goods` AS g  WHERE o.order_id = g.order_id AND o.extension_code = 'group_buy' AND o.extension_id = '16' AND g.goods_id = '47' AND (order_status = '1' OR order_status = '0')

SELECT goods_id FROM `ecfw0001`.`ecs_goods_activity`WHERE act_id = '15' AND act_type = '1'

SELECT COUNT(*) AS total_order, SUM(g.goods_number) AS total_goods FROM `ecfw0001`.`ecs_order_info` AS o, `ecfw0001`.`ecs_order_goods` AS g  WHERE o.order_id = g.order_id AND o.extension_code = 'group_buy' AND o.extension_id = '15' AND g.goods_id = '29' AND (order_status = '1' OR order_status = '0')

SELECT goods_id FROM `ecfw0001`.`ecs_goods_activity`WHERE act_id = '14' AND act_type = '1'

SELECT COUNT(*) AS total_order, SUM(g.goods_number) AS total_goods FROM `ecfw0001`.`ecs_order_info` AS o, `ecfw0001`.`ecs_order_goods` AS g  WHERE o.order_id = g.order_id AND o.extension_code = 'group_buy' AND o.extension_id = '14' AND g.goods_id = '45' AND (order_status = '1' OR order_status = '0')

SELECT goods_id FROM `ecfw0001`.`ecs_goods_activity`WHERE act_id = '13' AND act_type = '1'

SELECT COUNT(*) AS total_order, SUM(g.goods_number) AS total_goods FROM `ecfw0001`.`ecs_order_info` AS o, `ecfw0001`.`ecs_order_goods` AS g  WHERE o.order_id = g.order_id AND o.extension_code = 'group_buy' AND o.extension_id = '13' AND g.goods_id = '46' AND (order_status = '1' OR order_status = '0')

SELECT goods_id FROM `ecfw0001`.`ecs_goods_activity`WHERE act_id = '12' AND act_type = '1'

SELECT COUNT(*) AS total_order, SUM(g.goods_number) AS total_goods FROM `ecfw0001`.`ecs_order_info` AS o, `ecfw0001`.`ecs_order_goods` AS g  WHERE o.order_id = g.order_id AND o.extension_code = 'group_buy' AND o.extension_id = '12' AND g.goods_id = '27' AND (order_status = '1' OR order_status = '0')

DELETE FROM `ecfw0001`.`ecs_sessions` WHERE expiry < 1495269370

SELECT userid, adminid, user_name, user_rank, discount, email, data, expiry FROM `ecfw0001`.`ecs_sessions` WHERE sesskey = '48c89884b66bde79f6204dc53171f9a1'

SELECT code, value FROM `ecfw0001`.`ecs_shop_config` WHERE parent_id > 0

SELECT suppliers_id, suppliers_name, suppliers_desc
            FROM `ecfw0001`.`ecs_suppliers`
            WHERE  is_check = 1 

SELECT c.cat_id, c.cat_name, c.measure_unit, c.parent_id, c.is_show, c.show_in_nav, c.grade, c.sort_order, COUNT(s.cat_id) AS has_children FROM `ecfw0001`.`ecs_category` AS c LEFT JOIN `ecfw0001`.`ecs_category` AS s ON s.parent_id=c.cat_id GROUP BY c.cat_id ORDER BY c.parent_id, c.sort_order ASC

SELECT cat_id, COUNT(*) AS goods_num  FROM `ecfw0001`.`ecs_goods` WHERE is_delete = 0 AND is_on_sale = 1  GROUP BY cat_id

SELECT gc.cat_id, COUNT(*) AS goods_num  FROM `ecfw0001`.`ecs_goods_cat` AS gc , `ecfw0001`.`ecs_goods` AS g  WHERE g.goods_id = gc.goods_id AND g.is_delete = 0 AND g.is_on_sale = 1  GROUP BY gc.cat_id

SELECT brand_id, brand_name FROM `ecfw0001`.`ecs_brand` ORDER BY sort_order

SELECT suppliers_id, suppliers_name, suppliers_desc
            FROM `ecfw0001`.`ecs_suppliers`
            WHERE  is_check = 1 

SELECT COUNT(*) FROM `ecfw0001`.`ecs_goods` AS g WHERE is_delete='0'  AND is_real='1'

SELECT goods_id, goods_name, goods_type, goods_sn, virtual_sales, shop_price, is_on_sale, is_best, is_new, is_hot, sort_order, goods_number, integral,  (promote_price > 0 AND promote_start_date <= '1495267199' AND promote_end_date >= '1495267199') AS is_promote  FROM `ecfw0001`.`ecs_goods` AS g WHERE is_delete='0'  AND is_real='1' ORDER BY goods_id DESC  LIMIT 0,15

SELECT DISTINCT cat_id
            FROM `ecfw0001`.`ecs_attribute`
            WHERE attr_type = 1

UPDATE `ecfw0001`.`ecs_sessions` SET expiry = '1495271171', ip = '0.0.0.0', userid = '0', adminid = '14', user_name='0', user_rank='0', discount='0', email='0', data = 'a:4:{s:10:\"admin_name\";s:5:\"admin\";s:11:\"action_list\";s:3:\"all\";s:10:\"last_check\";s:10:\"1490812712\";s:12:\"suppliers_id\";s:1:\"0\";}' WHERE sesskey = '48c89884b66bde79f6204dc53171f9a1' LIMIT 1

SELECT userid, adminid, user_name, user_rank, discount, email, data, expiry FROM `ecfw0001`.`ecs_sessions` WHERE sesskey = '48c89884b66bde79f6204dc53171f9a1'

SELECT code, value FROM `ecfw0001`.`ecs_shop_config` WHERE parent_id > 0

SELECT * FROM `ecfw0001`.`ecs_payment` WHERE enabled = '1' ORDER BY pay_order

SELECT userid, adminid, user_name, user_rank, discount, email, data, expiry FROM `ecfw0001`.`ecs_sessions` WHERE sesskey = '48c89884b66bde79f6204dc53171f9a1'

SELECT code, value FROM `ecfw0001`.`ecs_shop_config` WHERE parent_id > 0

SELECT message_id, sender_id, receiver_id, sent_time, readed, deleted, title, message, user_name FROM `ecfw0001`.`ecs_admin_message` AS a, `ecfw0001`.`ecs_admin_user` AS b WHERE a.sender_id = b.user_id AND a.receiver_id = '14' AND a.readed = 0 AND deleted = 0 ORDER BY a.sent_time DESC

SELECT pay_id, is_cod FROM `ecfw0001`.`ecs_payment` WHERE enabled = 1

SELECT COUNT(*) FROM `ecfw0001`.`ecs_order_info` WHERE 1  AND order_status  IN ('1','5')  AND shipping_status  IN ('1','2')  AND pay_status  IN ('2','1')  

SELECT pay_id FROM `ecfw0001`.`ecs_payment` WHERE is_cod = 1

SELECT COUNT(*) FROM `ecfw0001`.`ecs_order_info` WHERE 1  AND   order_status  IN ('1','5','6')  AND   shipping_status  IN ('0','3','5')  AND ( pay_status  IN ('2','1')  OR pay_id  IN ('3') ) 

SELECT pay_id FROM `ecfw0001`.`ecs_payment` WHERE is_cod = 0

SELECT COUNT(*) FROM `ecfw0001`.`ecs_order_info` WHERE 1  AND   order_status  IN ('1','5')  AND   pay_status = '0' AND ( shipping_status  IN ('1','2')  OR pay_id  IN ('1','2','4','5','6','7') ) 

SELECT COUNT(*) FROM `ecfw0001`.`ecs_order_info` WHERE 1  AND order_status = '0' 

SELECT COUNT(*) FROM `ecfw0001`.`ecs_order_info` WHERE  shipping_status=4

SELECT COUNT(*) AS oCount, IFNULL(SUM(order_amount), 0) AS oAmount FROM `ecfw0001`.`ecs_order_info`

SELECT COUNT(*) FROM `ecfw0001`.`ecs_goods` WHERE is_delete = 0 AND is_alone_sale = 1 AND is_real = 1

SELECT COUNT(*) FROM `ecfw0001`.`ecs_goods` WHERE is_delete = 0 AND is_alone_sale = 1 AND is_real=0 AND extension_code='virtual_card'

SELECT COUNT(*) FROM `ecfw0001`.`ecs_goods` WHERE is_delete = 0 AND is_new = 1 AND is_real = 1

SELECT COUNT(*) FROM `ecfw0001`.`ecs_goods` WHERE is_delete = 0 AND is_new = 1 AND is_real=0 AND extension_code='virtual_card'

SELECT COUNT(*) FROM `ecfw0001`.`ecs_goods` WHERE is_delete = 0 AND is_best = 1 AND is_real = 1

SELECT COUNT(*) FROM `ecfw0001`.`ecs_goods` WHERE is_delete = 0 AND is_best = 1 AND is_real=0 AND extension_code='virtual_card'

SELECT COUNT(*) FROM `ecfw0001`.`ecs_goods` WHERE is_delete = 0 AND is_hot = 1 AND is_real = 1

SELECT COUNT(*) FROM `ecfw0001`.`ecs_goods` WHERE is_delete = 0 AND is_hot = 1 AND is_real=0 AND extension_code='virtual_card'

SELECT COUNT(*) FROM `ecfw0001`.`ecs_goods` WHERE is_delete = 0 AND promote_price>0 AND promote_start_date <= '1495242371' AND promote_end_date >= '1495242371' AND is_real = 1

SELECT COUNT(*) FROM `ecfw0001`.`ecs_goods` WHERE is_delete = 0 AND promote_price>0 AND promote_start_date <= '1495242371' AND promote_end_date >= '1495242371' AND is_real=0 AND extension_code='virtual_card'

SELECT COUNT(*) FROM `ecfw0001`.`ecs_goods` WHERE is_delete = 0 AND goods_number <= warn_number AND is_real = 1

SELECT COUNT(*) FROM `ecfw0001`.`ecs_goods` WHERE is_delete = 0 AND goods_number <= warn_number AND is_real=0 AND extension_code='virtual_card'

SELECT COUNT(*) FROM `ecfw0001`.`ecs_stats` WHERE access_time > 1495180800

SELECT count(*) FROM `ecfw0001`.`ecs_sessions`

SELECT COUNT(f.msg_id) FROM `ecfw0001`.`ecs_feedback` AS f LEFT JOIN `ecfw0001`.`ecs_feedback` AS r ON r.parent_id=f.msg_id WHERE f.parent_id=0 AND ISNULL(r.msg_id) 

SELECT COUNT(*) FROM `ecfw0001`.`ecs_comment` WHERE status = 0 AND parent_id = 0

SELECT COUNT(*) FROM `ecfw0001`.`ecs_booking_goods` WHERE is_dispose = 0

SELECT COUNT(*) FROM `ecfw0001`.`ecs_user_account` WHERE process_type = 1 AND is_paid = 0 

DELETE FROM `ecfw0001`.`ecs_sessions_data` WHERE expiry < 1495269371

SELECT userid, adminid, user_name, user_rank, discount, email, data, expiry FROM `ecfw0001`.`ecs_sessions` WHERE sesskey = '48c89884b66bde79f6204dc53171f9a1'

SELECT code, value FROM `ecfw0001`.`ecs_shop_config` WHERE parent_id > 0

SELECT COUNT(*) AS oCount, IFNULL(SUM(order_amount), 0) AS oAmount FROM `ecfw0001`.`ecs_order_info`

SELECT COUNT(*) FROM `ecfw0001`.`ecs_goods` WHERE is_delete = 0 AND is_alone_sale = 1 AND is_real = 1

SELECT COUNT(*) FROM `ecfw0001`.`ecs_users`

SELECT value FROM `ecfw0001`.`ecs_shop_config` WHERE code = 'template'

SELECT value FROM `ecfw0001`.`ecs_shop_config` WHERE code = 'stylename'

SELECT userid, adminid, user_name, user_rank, discount, email, data, expiry FROM `ecfw0001`.`ecs_sessions` WHERE sesskey = '48c89884b66bde79f6204dc53171f9a1'

SELECT code, value FROM `ecfw0001`.`ecs_shop_config` WHERE parent_id > 0

SELECT message_id, sender_id, receiver_id, sent_time, readed, deleted, title, message, user_name FROM `ecfw0001`.`ecs_admin_message` AS a, `ecfw0001`.`ecs_admin_user` AS b WHERE a.sender_id = b.user_id AND a.receiver_id = '14' AND a.readed = 0 AND deleted = 0 ORDER BY a.sent_time DESC

SELECT pay_id, is_cod FROM `ecfw0001`.`ecs_payment` WHERE enabled = 1

SELECT COUNT(*) FROM `ecfw0001`.`ecs_order_info` WHERE 1  AND order_status  IN ('1','5')  AND shipping_status  IN ('1','2')  AND pay_status  IN ('2','1')  

SELECT pay_id FROM `ecfw0001`.`ecs_payment` WHERE is_cod = 1

SELECT COUNT(*) FROM `ecfw0001`.`ecs_order_info` WHERE 1  AND   order_status  IN ('1','5','6')  AND   shipping_status  IN ('0','3','5')  AND ( pay_status  IN ('2','1')  OR pay_id  IN ('3') ) 

SELECT pay_id FROM `ecfw0001`.`ecs_payment` WHERE is_cod = 0

SELECT COUNT(*) FROM `ecfw0001`.`ecs_order_info` WHERE 1  AND   order_status  IN ('1','5')  AND   pay_status = '0' AND ( shipping_status  IN ('1','2')  OR pay_id  IN ('1','2','4','5','6','7') ) 

SELECT COUNT(*) FROM `ecfw0001`.`ecs_order_info` WHERE 1  AND order_status = '0' 

SELECT COUNT(*) FROM `ecfw0001`.`ecs_order_info` WHERE  shipping_status=4

SELECT COUNT(*) AS oCount, IFNULL(SUM(order_amount), 0) AS oAmount FROM `ecfw0001`.`ecs_order_info`

SELECT COUNT(*) FROM `ecfw0001`.`ecs_goods` WHERE is_delete = 0 AND is_alone_sale = 1 AND is_real = 1

SELECT COUNT(*) FROM `ecfw0001`.`ecs_goods` WHERE is_delete = 0 AND is_alone_sale = 1 AND is_real=0 AND extension_code='virtual_card'

SELECT COUNT(*) FROM `ecfw0001`.`ecs_goods` WHERE is_delete = 0 AND is_new = 1 AND is_real = 1

SELECT COUNT(*) FROM `ecfw0001`.`ecs_goods` WHERE is_delete = 0 AND is_new = 1 AND is_real=0 AND extension_code='virtual_card'

SELECT COUNT(*) FROM `ecfw0001`.`ecs_goods` WHERE is_delete = 0 AND is_best = 1 AND is_real = 1

SELECT COUNT(*) FROM `ecfw0001`.`ecs_goods` WHERE is_delete = 0 AND is_best = 1 AND is_real=0 AND extension_code='virtual_card'

SELECT COUNT(*) FROM `ecfw0001`.`ecs_goods` WHERE is_delete = 0 AND is_hot = 1 AND is_real = 1

SELECT COUNT(*) FROM `ecfw0001`.`ecs_goods` WHERE is_delete = 0 AND is_hot = 1 AND is_real=0 AND extension_code='virtual_card'

SELECT COUNT(*) FROM `ecfw0001`.`ecs_goods` WHERE is_delete = 0 AND promote_price>0 AND promote_start_date <= '1495242421' AND promote_end_date >= '1495242421' AND is_real = 1

SELECT COUNT(*) FROM `ecfw0001`.`ecs_goods` WHERE is_delete = 0 AND promote_price>0 AND promote_start_date <= '1495242421' AND promote_end_date >= '1495242421' AND is_real=0 AND extension_code='virtual_card'

SELECT COUNT(*) FROM `ecfw0001`.`ecs_goods` WHERE is_delete = 0 AND goods_number <= warn_number AND is_real = 1

SELECT COUNT(*) FROM `ecfw0001`.`ecs_goods` WHERE is_delete = 0 AND goods_number <= warn_number AND is_real=0 AND extension_code='virtual_card'

SELECT COUNT(*) FROM `ecfw0001`.`ecs_stats` WHERE access_time > 1495180800

SELECT count(*) FROM `ecfw0001`.`ecs_sessions`

SELECT COUNT(f.msg_id) FROM `ecfw0001`.`ecs_feedback` AS f LEFT JOIN `ecfw0001`.`ecs_feedback` AS r ON r.parent_id=f.msg_id WHERE f.parent_id=0 AND ISNULL(r.msg_id) 

SELECT COUNT(*) FROM `ecfw0001`.`ecs_comment` WHERE status = 0 AND parent_id = 0

SELECT COUNT(*) FROM `ecfw0001`.`ecs_booking_goods` WHERE is_dispose = 0

SELECT COUNT(*) FROM `ecfw0001`.`ecs_user_account` WHERE process_type = 1 AND is_paid = 0 

UPDATE `ecfw0001`.`ecs_sessions` SET expiry = '1495271221', ip = '0.0.0.0', userid = '0', adminid = '14', user_name='0', user_rank='0', discount='0', email='0', data = 'a:4:{s:10:\"admin_name\";s:5:\"admin\";s:11:\"action_list\";s:3:\"all\";s:10:\"last_check\";s:10:\"1490812712\";s:12:\"suppliers_id\";s:1:\"0\";}' WHERE sesskey = '48c89884b66bde79f6204dc53171f9a1' LIMIT 1

SELECT userid, adminid, user_name, user_rank, discount, email, data, expiry FROM `ecfw0001`.`ecs_sessions` WHERE sesskey = '48c89884b66bde79f6204dc53171f9a1'

SELECT code, value FROM `ecfw0001`.`ecs_shop_config` WHERE parent_id > 0

SELECT COUNT(*) AS oCount, IFNULL(SUM(order_amount), 0) AS oAmount FROM `ecfw0001`.`ecs_order_info`

SELECT COUNT(*) FROM `ecfw0001`.`ecs_goods` WHERE is_delete = 0 AND is_alone_sale = 1 AND is_real = 1

SELECT COUNT(*) FROM `ecfw0001`.`ecs_users`

SELECT value FROM `ecfw0001`.`ecs_shop_config` WHERE code = 'template'

SELECT value FROM `ecfw0001`.`ecs_shop_config` WHERE code = 'stylename'

UPDATE `ecfw0001`.`ecs_sessions` SET expiry = '1495271281', ip = '0.0.0.0', userid = '0', adminid = '14', user_name='0', user_rank='0', discount='0', email='0', data = 'a:4:{s:10:\"admin_name\";s:5:\"admin\";s:11:\"action_list\";s:3:\"all\";s:10:\"last_check\";s:10:\"1490812712\";s:12:\"suppliers_id\";s:1:\"0\";}' WHERE sesskey = '48c89884b66bde79f6204dc53171f9a1' LIMIT 1

